# JRE version: OpenJDK Runtime Environment Microsoft-8425986 (21.0+35) (build 21+35-LTS)
# Java VM: OpenJDK 64-Bit Server VM Microsoft-8425986 (21+35-LTS, mixed mode, sharing, tiered, compressed oops, compressed class ptrs, g1 gc, windows-amd64)
GC Precious Log:
 CardTable entry size: 512
 Card Set container configuration: InlinePtr #cards 5 size 8 Array Of Cards #cards 12 size 40 Howl #buckets 4 coarsen threshold 1843 Howl Bitmap #cards 512 size 80 coarsen threshold 460 Card regions per heap region 1 cards per card region 2048
 CPUs: 8 total, 8 available
 Memory: 32521M
 Large Page Support: Disabled
 NUMA Support: Disabled
 Compressed Oops: Enabled (32-bit)
 Heap Region Size: 1M
 Heap Min Capacity: 8M
 Heap Initial Capacity: 510M
 Heap Max Capacity: 2G
 Pre-touch: Disabled
 Parallel Workers: 8
 Concurrent Workers: 2
 Concurrent Refinement Workers: 8
 Periodic GC: Disabled
Heap:
 garbage-first heap   total 309248K, used 244335K [0x0000000080000000, 0x0000000100000000)
  region size 1024K, 104 young (106496K), 7 survivors (7168K)
 Metaspace       used 122326K, committed 124800K, reserved 1179648K
  class space    used 16474K, committed 17728K, reserved 1048576K
GC Heap History (20 events):
Event: 12.419 GC heap before
{Heap before GC invocations=17 (full 0):
 garbage-first heap   total 92160K, used 81089K [0x0000000080000000, 0x0000000100000000)
  region size 1024K, 35 young (35840K), 4 survivors (4096K)
 Metaspace       used 55585K, committed 57344K, reserved 1114112K
  class space    used 7889K, committed 8768K, reserved 1048576K
}
Event: 12.427 GC heap after
{Heap after GC invocations=18 (full 0):
 garbage-first heap   total 307200K, used 50099K [0x0000000080000000, 0x0000000100000000)
  region size 1024K, 4 young (4096K), 4 survivors (4096K)
 Metaspace       used 55585K, committed 57344K, reserved 1114112K
  class space    used 7889K, committed 8768K, reserved 1048576K
}
Event: 15.672 GC heap before
{Heap before GC invocations=18 (full 0):
 garbage-first heap   total 307200K, used 248755K [0x0000000080000000, 0x0000000100000000)
  region size 1024K, 180 young (184320K), 4 survivors (4096K)
 Metaspace       used 70036K, committed 72064K, reserved 1114112K
  class space    used 9680K, committed 10688K, reserved 1048576K
}
Event: 15.685 GC heap after
{Heap after GC invocations=19 (full 0):
 garbage-first heap   total 307200K, used 81004K [0x0000000080000000, 0x0000000100000000)
  region size 1024K, 20 young (20480K), 20 survivors (20480K)
 Metaspace       used 70036K, committed 72064K, reserved 1114112K
  class space    used 9680K, committed 10688K, reserved 1048576K
}
Event: 18.365 GC heap before
{Heap before GC invocations=19 (full 0):
 garbage-first heap   total 307200K, used 246892K [0x0000000080000000, 0x0000000100000000)
  region size 1024K, 180 young (184320K), 20 survivors (20480K)
 Metaspace       used 81938K, committed 84032K, reserved 1179648K
  class space    used 11290K, committed 12352K, reserved 1048576K
}
Event: 18.379 GC heap after
{Heap after GC invocations=20 (full 0):
 garbage-first heap   total 307200K, used 92505K [0x0000000080000000, 0x0000000100000000)
  region size 1024K, 11 young (11264K), 11 survivors (11264K)
 Metaspace       used 81938K, committed 84032K, reserved 1179648K
  class space    used 11290K, committed 12352K, reserved 1048576K
}
Event: 20.972 GC heap before
{Heap before GC invocations=20 (full 0):
 garbage-first heap   total 307200K, used 247129K [0x0000000080000000, 0x0000000100000000)
  region size 1024K, 163 young (166912K), 11 survivors (11264K)
 Metaspace       used 93431K, committed 95616K, reserved 1179648K
  class space    used 13062K, committed 14144K, reserved 1048576K
}
Event: 20.985 GC heap after
{Heap after GC invocations=21 (full 0):
 garbage-first heap   total 307200K, used 99821K [0x0000000080000000, 0x0000000100000000)
  region size 1024K, 18 young (18432K), 18 survivors (18432K)
 Metaspace       used 93431K, committed 95616K, reserved 1179648K
  class space    used 13062K, committed 14144K, reserved 1048576K
}
Event: 23.708 GC heap before
{Heap before GC invocations=22 (full 0):
 garbage-first heap   total 307200K, used 269805K [0x0000000080000000, 0x0000000100000000)
  region size 1024K, 180 young (184320K), 18 survivors (18432K)
 Metaspace       used 105563K, committed 107904K, reserved 1179648K
  class space    used 14592K, committed 15808K, reserved 1048576K
}
Event: 23.731 GC heap after
{Heap after GC invocations=23 (full 0):
 garbage-first heap   total 307200K, used 112977K [0x0000000080000000, 0x0000000100000000)
  region size 1024K, 20 young (20480K), 20 survivors (20480K)
 Metaspace       used 105563K, committed 107904K, reserved 1179648K
  class space    used 14592K, committed 15808K, reserved 1048576K
}
Event: 26.627 GC heap before
{Heap before GC invocations=23 (full 0):
 garbage-first heap   total 307200K, used 269649K [0x0000000080000000, 0x0000000100000000)
  region size 1024K, 174 young (178176K), 20 survivors (20480K)
 Metaspace       used 109668K, committed 112064K, reserved 1179648K
  class space    used 15098K, committed 16320K, reserved 1048576K
}
Event: 26.662 GC heap after
{Heap after GC invocations=24 (full 0):
 garbage-first heap   total 309248K, used 127240K [0x0000000080000000, 0x0000000100000000)
  region size 1024K, 16 young (16384K), 16 survivors (16384K)
 Metaspace       used 109668K, committed 112064K, reserved 1179648K
  class space    used 15098K, committed 16320K, reserved 1048576K
}
Event: 27.976 GC heap before
{Heap before GC invocations=24 (full 0):
 garbage-first heap   total 309248K, used 274696K [0x0000000080000000, 0x0000000100000000)
  region size 1024K, 161 young (164864K), 16 survivors (16384K)
 Metaspace       used 110798K, committed 113152K, reserved 1179648K
  class space    used 15246K, committed 16448K, reserved 1048576K
}
Event: 27.995 GC heap after
{Heap after GC invocations=25 (full 0):
 garbage-first heap   total 309248K, used 130778K [0x0000000080000000, 0x0000000100000000)
  region size 1024K, 7 young (7168K), 7 survivors (7168K)
 Metaspace       used 110798K, committed 113152K, reserved 1179648K
  class space    used 15246K, committed 16448K, reserved 1048576K
}
Event: 30.087 GC heap before
{Heap before GC invocations=26 (full 0):
 garbage-first heap   total 309248K, used 278234K [0x0000000080000000, 0x0000000100000000)
  region size 1024K, 152 young (155648K), 7 survivors (7168K)
 Metaspace       used 113874K, committed 116288K, reserved 1179648K
  class space    used 15600K, committed 16832K, reserved 1048576K
}
Event: 30.100 GC heap after
{Heap after GC invocations=27 (full 0):
 garbage-first heap   total 309248K, used 140288K [0x0000000080000000, 0x0000000100000000)
  region size 1024K, 16 young (16384K), 16 survivors (16384K)
 Metaspace       used 113874K, committed 116288K, reserved 1179648K
  class space    used 15600K, committed 16832K, reserved 1048576K
}
Event: 32.422 GC heap before
{Heap before GC invocations=27 (full 0):
 garbage-first heap   total 309248K, used 282624K [0x0000000080000000, 0x0000000100000000)
  region size 1024K, 149 young (152576K), 16 survivors (16384K)
 Metaspace       used 118394K, committed 120832K, reserved 1179648K
  class space    used 16012K, committed 17216K, reserved 1048576K
}
Event: 32.440 GC heap after
{Heap after GC invocations=28 (full 0):
 garbage-first heap   total 309248K, used 136803K [0x0000000080000000, 0x0000000100000000)
  region size 1024K, 7 young (7168K), 7 survivors (7168K)
 Metaspace       used 118394K, committed 120832K, reserved 1179648K
  class space    used 16012K, committed 17216K, reserved 1048576K
}
Event: 32.562 GC heap before
{Heap before GC invocations=28 (full 0):
 garbage-first heap   total 309248K, used 143971K [0x0000000080000000, 0x0000000100000000)
  region size 1024K, 15 young (15360K), 7 survivors (7168K)
 Metaspace       used 118428K, committed 120832K, reserved 1179648K
  class space    used 16014K, committed 17216K, reserved 1048576K
}
Event: 32.571 GC heap after
{Heap after GC invocations=29 (full 0):
 garbage-first heap   total 309248K, used 136815K [0x0000000080000000, 0x0000000100000000)
  region size 1024K, 7 young (7168K), 7 survivors (7168K)
 Metaspace       used 118428K, committed 120832K, reserved 1179648K
  class space    used 16014K, committed 17216K, reserved 1048576K
}

