# JRE version: OpenJDK Runtime Environment Temurin-21.0.9+10 (21.0.9+10) (build 21.0.9+10-LTS)
# Java VM: OpenJDK 64-Bit Server VM Temurin-21.0.9+10 (21.0.9+10-LTS, mixed mode, sharing, tiered, compressed oops, compressed class ptrs, parallel gc, windows-amd64)
GC Precious Log:
 CardTable entry size: 512
 CPUs: 8 total, 8 available
 Memory: 32521M
 Large Page Support: Disabled
 NUMA Support: Disabled
 Compressed Oops: Enabled (32-bit)
 Alignments: Space 512K, Generation 512K, Heap 2M
 Heap Min Capacity: 100M
 Heap Initial Capacity: 100M
 Heap Max Capacity: 2G
 Pre-touch: Disabled
 Parallel Workers: 8
Heap:
 PSYoungGen      total 22016K, used 12759K [0x00000000d5580000, 0x00000000d6d00000, 0x0000000100000000)
  eden space 20992K, 55% used [0x00000000d5580000,0x00000000d60fa518,0x00000000d6a00000)
  from space 1024K, 98% used [0x00000000d6a00000,0x00000000d6afb9c0,0x00000000d6b00000)
  to   space 1536K, 0% used [0x00000000d6b80000,0x00000000d6b80000,0x00000000d6d00000)
 ParOldGen       total 68608K, used 43773K [0x0000000080000000, 0x0000000084300000, 0x00000000d5580000)
  object space 68608K, 63% used [0x0000000080000000,0x0000000082abf518,0x0000000084300000)
 Metaspace       used 65003K, committed 66304K, reserved 1114112K
  class space    used 8077K, committed 8640K, reserved 1048576K
GC Heap History (20 events):
Event: 48.675 GC heap before
{Heap before GC invocations=31 (full 2):
 PSYoungGen      total 22016K, used 22007K [0x00000000d5580000, 0x00000000d7400000, 0x0000000100000000)
  eden space 20992K, 100% used [0x00000000d5580000,0x00000000d6a00000,0x00000000d6a00000)
  from space 1024K, 99% used [0x00000000d6f00000,0x00000000d6ffdce0,0x00000000d7000000)
  to   space 5120K, 0% used [0x00000000d6a00000,0x00000000d6a00000,0x00000000d6f00000)
 ParOldGen       total 68608K, used 45062K [0x0000000080000000, 0x0000000084300000, 0x00000000d5580000)
  object space 68608K, 65% used [0x0000000080000000,0x0000000082c01980,0x0000000084300000)
 Metaspace       used 56427K, committed 57664K, reserved 1114112K
  class space    used 6550K, committed 7040K, reserved 1048576K
}
Event: 48.679 GC heap after
{Heap after GC invocations=31 (full 2):
 PSYoungGen      total 22016K, used 992K [0x00000000d5580000, 0x00000000d6f80000, 0x0000000100000000)
  eden space 20992K, 0% used [0x00000000d5580000,0x00000000d5580000,0x00000000d6a00000)
  from space 1024K, 96% used [0x00000000d6a00000,0x00000000d6af8020,0x00000000d6b00000)
  to   space 2560K, 0% used [0x00000000d6d00000,0x00000000d6d00000,0x00000000d6f80000)
 ParOldGen       total 68608K, used 46082K [0x0000000080000000, 0x0000000084300000, 0x00000000d5580000)
  object space 68608K, 67% used [0x0000000080000000,0x0000000082d008d8,0x0000000084300000)
 Metaspace       used 56427K, committed 57664K, reserved 1114112K
  class space    used 6550K, committed 7040K, reserved 1048576K
}
Event: 49.681 GC heap before
{Heap before GC invocations=32 (full 2):
 PSYoungGen      total 22016K, used 21736K [0x00000000d5580000, 0x00000000d6f80000, 0x0000000100000000)
  eden space 20992K, 98% used [0x00000000d5580000,0x00000000d69c2390,0x00000000d6a00000)
  from space 1024K, 96% used [0x00000000d6a00000,0x00000000d6af8020,0x00000000d6b00000)
  to   space 2560K, 0% used [0x00000000d6d00000,0x00000000d6d00000,0x00000000d6f80000)
 ParOldGen       total 68608K, used 46082K [0x0000000080000000, 0x0000000084300000, 0x00000000d5580000)
  object space 68608K, 67% used [0x0000000080000000,0x0000000082d008d8,0x0000000084300000)
 Metaspace       used 58504K, committed 59776K, reserved 1114112K
  class space    used 6861K, committed 7424K, reserved 1048576K
}
Event: 49.684 GC heap after
{Heap after GC invocations=32 (full 2):
 PSYoungGen      total 22016K, used 996K [0x00000000d5580000, 0x00000000d6e00000, 0x0000000100000000)
  eden space 20992K, 0% used [0x00000000d5580000,0x00000000d5580000,0x00000000d6a00000)
  from space 1024K, 97% used [0x00000000d6d00000,0x00000000d6df9090,0x00000000d6e00000)
  to   space 1536K, 0% used [0x00000000d6b00000,0x00000000d6b00000,0x00000000d6c80000)
 ParOldGen       total 68608K, used 46954K [0x0000000080000000, 0x0000000084300000, 0x00000000d5580000)
  object space 68608K, 68% used [0x0000000080000000,0x0000000082dda908,0x0000000084300000)
 Metaspace       used 58504K, committed 59776K, reserved 1114112K
  class space    used 6861K, committed 7424K, reserved 1048576K
}
Event: 49.684 GC heap before
{Heap before GC invocations=33 (full 3):
 PSYoungGen      total 22016K, used 996K [0x00000000d5580000, 0x00000000d6e00000, 0x0000000100000000)
  eden space 20992K, 0% used [0x00000000d5580000,0x00000000d5580000,0x00000000d6a00000)
  from space 1024K, 97% used [0x00000000d6d00000,0x00000000d6df9090,0x00000000d6e00000)
  to   space 1536K, 0% used [0x00000000d6b00000,0x00000000d6b00000,0x00000000d6c80000)
 ParOldGen       total 68608K, used 46954K [0x0000000080000000, 0x0000000084300000, 0x00000000d5580000)
  object space 68608K, 68% used [0x0000000080000000,0x0000000082dda908,0x0000000084300000)
 Metaspace       used 58504K, committed 59776K, reserved 1114112K
  class space    used 6861K, committed 7424K, reserved 1048576K
}
Event: 49.797 GC heap after
{Heap after GC invocations=33 (full 3):
 PSYoungGen      total 22016K, used 0K [0x00000000d5580000, 0x00000000d6e00000, 0x0000000100000000)
  eden space 20992K, 0% used [0x00000000d5580000,0x00000000d5580000,0x00000000d6a00000)
  from space 1024K, 0% used [0x00000000d6d00000,0x00000000d6d00000,0x00000000d6e00000)
  to   space 1536K, 0% used [0x00000000d6b00000,0x00000000d6b00000,0x00000000d6c80000)
 ParOldGen       total 68608K, used 40533K [0x0000000080000000, 0x0000000084300000, 0x00000000d5580000)
  object space 68608K, 59% used [0x0000000080000000,0x0000000082795628,0x0000000084300000)
 Metaspace       used 58504K, committed 59776K, reserved 1114112K
  class space    used 6861K, committed 7424K, reserved 1048576K
}
Event: 52.769 GC heap before
{Heap before GC invocations=34 (full 3):
 PSYoungGen      total 22016K, used 20992K [0x00000000d5580000, 0x00000000d6e00000, 0x0000000100000000)
  eden space 20992K, 100% used [0x00000000d5580000,0x00000000d6a00000,0x00000000d6a00000)
  from space 1024K, 0% used [0x00000000d6d00000,0x00000000d6d00000,0x00000000d6e00000)
  to   space 1536K, 0% used [0x00000000d6b00000,0x00000000d6b00000,0x00000000d6c80000)
 ParOldGen       total 68608K, used 40533K [0x0000000080000000, 0x0000000084300000, 0x00000000d5580000)
  object space 68608K, 59% used [0x0000000080000000,0x0000000082795628,0x0000000084300000)
 Metaspace       used 58605K, committed 59904K, reserved 1114112K
  class space    used 6862K, committed 7424K, reserved 1048576K
}
Event: 52.771 GC heap after
{Heap after GC invocations=34 (full 3):
 PSYoungGen      total 22528K, used 576K [0x00000000d5580000, 0x00000000d6d80000, 0x0000000100000000)
  eden space 20992K, 0% used [0x00000000d5580000,0x00000000d5580000,0x00000000d6a00000)
  from space 1536K, 37% used [0x00000000d6b00000,0x00000000d6b90000,0x00000000d6c80000)
  to   space 1024K, 0% used [0x00000000d6c80000,0x00000000d6c80000,0x00000000d6d80000)
 ParOldGen       total 68608K, used 40541K [0x0000000080000000, 0x0000000084300000, 0x00000000d5580000)
  object space 68608K, 59% used [0x0000000080000000,0x0000000082797628,0x0000000084300000)
 Metaspace       used 58605K, committed 59904K, reserved 1114112K
  class space    used 6862K, committed 7424K, reserved 1048576K
}
Event: 55.838 GC heap before
{Heap before GC invocations=35 (full 3):
 PSYoungGen      total 22528K, used 21568K [0x00000000d5580000, 0x00000000d6d80000, 0x0000000100000000)
  eden space 20992K, 100% used [0x00000000d5580000,0x00000000d6a00000,0x00000000d6a00000)
  from space 1536K, 37% used [0x00000000d6b00000,0x00000000d6b90000,0x00000000d6c80000)
  to   space 1024K, 0% used [0x00000000d6c80000,0x00000000d6c80000,0x00000000d6d80000)
 ParOldGen       total 68608K, used 40541K [0x0000000080000000, 0x0000000084300000, 0x00000000d5580000)
  object space 68608K, 59% used [0x0000000080000000,0x0000000082797628,0x0000000084300000)
 Metaspace       used 58960K, committed 60288K, reserved 1114112K
  class space    used 6909K, committed 7488K, reserved 1048576K
}
Event: 55.840 GC heap after
{Heap after GC invocations=35 (full 3):
 PSYoungGen      total 22016K, used 1021K [0x00000000d5580000, 0x00000000d6e00000, 0x0000000100000000)
  eden space 20992K, 0% used [0x00000000d5580000,0x00000000d5580000,0x00000000d6a00000)
  from space 1024K, 99% used [0x00000000d6c80000,0x00000000d6d7f4c8,0x00000000d6d80000)
  to   space 2048K, 0% used [0x00000000d6a00000,0x00000000d6a00000,0x00000000d6c00000)
 ParOldGen       total 68608K, used 41293K [0x0000000080000000, 0x0000000084300000, 0x00000000d5580000)
  object space 68608K, 60% used [0x0000000080000000,0x0000000082853610,0x0000000084300000)
 Metaspace       used 58960K, committed 60288K, reserved 1114112K
  class space    used 6909K, committed 7488K, reserved 1048576K
}
Event: 56.377 GC heap before
{Heap before GC invocations=36 (full 3):
 PSYoungGen      total 22016K, used 21990K [0x00000000d5580000, 0x00000000d6e00000, 0x0000000100000000)
  eden space 20992K, 99% used [0x00000000d5580000,0x00000000d69fa6e0,0x00000000d6a00000)
  from space 1024K, 99% used [0x00000000d6c80000,0x00000000d6d7f4c8,0x00000000d6d80000)
  to   space 2048K, 0% used [0x00000000d6a00000,0x00000000d6a00000,0x00000000d6c00000)
 ParOldGen       total 68608K, used 41293K [0x0000000080000000, 0x0000000084300000, 0x00000000d5580000)
  object space 68608K, 60% used [0x0000000080000000,0x0000000082853610,0x0000000084300000)
 Metaspace       used 60498K, committed 61760K, reserved 1114112K
  class space    used 7149K, committed 7680K, reserved 1048576K
}
Event: 56.379 GC heap after
{Heap after GC invocations=36 (full 3):
 PSYoungGen      total 22528K, used 1029K [0x00000000d5580000, 0x00000000d6d00000, 0x0000000100000000)
  eden space 20992K, 0% used [0x00000000d5580000,0x00000000d5580000,0x00000000d6a00000)
  from space 1536K, 67% used [0x00000000d6a00000,0x00000000d6b01760,0x00000000d6b80000)
  to   space 1536K, 0% used [0x00000000d6b80000,0x00000000d6b80000,0x00000000d6d00000)
 ParOldGen       total 68608K, used 42338K [0x0000000080000000, 0x0000000084300000, 0x00000000d5580000)
  object space 68608K, 61% used [0x0000000080000000,0x0000000082958ac0,0x0000000084300000)
 Metaspace       used 60498K, committed 61760K, reserved 1114112K
  class space    used 7149K, committed 7680K, reserved 1048576K
}
Event: 56.771 GC heap before
{Heap before GC invocations=37 (full 3):
 PSYoungGen      total 22528K, used 22021K [0x00000000d5580000, 0x00000000d6d00000, 0x0000000100000000)
  eden space 20992K, 100% used [0x00000000d5580000,0x00000000d6a00000,0x00000000d6a00000)
  from space 1536K, 67% used [0x00000000d6a00000,0x00000000d6b01760,0x00000000d6b80000)
  to   space 1536K, 0% used [0x00000000d6b80000,0x00000000d6b80000,0x00000000d6d00000)
 ParOldGen       total 68608K, used 42338K [0x0000000080000000, 0x0000000084300000, 0x00000000d5580000)
  object space 68608K, 61% used [0x0000000080000000,0x0000000082958ac0,0x0000000084300000)
 Metaspace       used 61949K, committed 63168K, reserved 1114112K
  class space    used 7426K, committed 7936K, reserved 1048576K
}
Event: 56.773 GC heap after
{Heap after GC invocations=37 (full 3):
 PSYoungGen      total 22016K, used 524K [0x00000000d5580000, 0x00000000d6c80000, 0x0000000100000000)
  eden space 20992K, 0% used [0x00000000d5580000,0x00000000d5580000,0x00000000d6a00000)
  from space 1024K, 51% used [0x00000000d6b80000,0x00000000d6c03170,0x00000000d6c80000)
  to   space 1024K, 0% used [0x00000000d6a80000,0x00000000d6a80000,0x00000000d6b80000)
 ParOldGen       total 68608K, used 43224K [0x0000000080000000, 0x0000000084300000, 0x00000000d5580000)
  object space 68608K, 63% used [0x0000000080000000,0x0000000082a36020,0x0000000084300000)
 Metaspace       used 61949K, committed 63168K, reserved 1114112K
  class space    used 7426K, committed 7936K, reserved 1048576K
}
Event: 57.379 GC heap before
{Heap before GC invocations=38 (full 3):
 PSYoungGen      total 22016K, used 21516K [0x00000000d5580000, 0x00000000d6c80000, 0x0000000100000000)
  eden space 20992K, 100% used [0x00000000d5580000,0x00000000d6a00000,0x00000000d6a00000)
  from space 1024K, 51% used [0x00000000d6b80000,0x00000000d6c03170,0x00000000d6c80000)
  to   space 1024K, 0% used [0x00000000d6a80000,0x00000000d6a80000,0x00000000d6b80000)
 ParOldGen       total 68608K, used 43224K [0x0000000080000000, 0x0000000084300000, 0x00000000d5580000)
  object space 68608K, 63% used [0x0000000080000000,0x0000000082a36020,0x0000000084300000)
 Metaspace       used 63106K, committed 64448K, reserved 1114112K
  class space    used 7715K, committed 8256K, reserved 1048576K
}
Event: 57.381 GC heap after
{Heap after GC invocations=38 (full 3):
 PSYoungGen      total 22016K, used 549K [0x00000000d5580000, 0x00000000d6c00000, 0x0000000100000000)
  eden space 20992K, 0% used [0x00000000d5580000,0x00000000d5580000,0x00000000d6a00000)
  from space 1024K, 53% used [0x00000000d6a80000,0x00000000d6b09528,0x00000000d6b80000)
  to   space 512K, 0% used [0x00000000d6b80000,0x00000000d6b80000,0x00000000d6c00000)
 ParOldGen       total 68608K, used 43379K [0x0000000080000000, 0x0000000084300000, 0x00000000d5580000)
  object space 68608K, 63% used [0x0000000080000000,0x0000000082a5cf10,0x0000000084300000)
 Metaspace       used 63106K, committed 64448K, reserved 1114112K
  class space    used 7715K, committed 8256K, reserved 1048576K
}
Event: 57.706 GC heap before
{Heap before GC invocations=39 (full 3):
 PSYoungGen      total 22016K, used 21535K [0x00000000d5580000, 0x00000000d6c00000, 0x0000000100000000)
  eden space 20992K, 99% used [0x00000000d5580000,0x00000000d69fea58,0x00000000d6a00000)
  from space 1024K, 53% used [0x00000000d6a80000,0x00000000d6b09528,0x00000000d6b80000)
  to   space 512K, 0% used [0x00000000d6b80000,0x00000000d6b80000,0x00000000d6c00000)
 ParOldGen       total 68608K, used 43379K [0x0000000080000000, 0x0000000084300000, 0x00000000d5580000)
  object space 68608K, 63% used [0x0000000080000000,0x0000000082a5cf10,0x0000000084300000)
 Metaspace       used 64237K, committed 65600K, reserved 1114112K
  class space    used 7958K, committed 8512K, reserved 1048576K
}
Event: 57.707 GC heap after
{Heap after GC invocations=39 (full 3):
 PSYoungGen      total 21504K, used 507K [0x00000000d5580000, 0x00000000d6c00000, 0x0000000100000000)
  eden space 20992K, 0% used [0x00000000d5580000,0x00000000d5580000,0x00000000d6a00000)
  from space 512K, 99% used [0x00000000d6b80000,0x00000000d6bfeeb8,0x00000000d6c00000)
  to   space 1024K, 0% used [0x00000000d6a00000,0x00000000d6a00000,0x00000000d6b00000)
 ParOldGen       total 68608K, used 43586K [0x0000000080000000, 0x0000000084300000, 0x00000000d5580000)
  object space 68608K, 63% used [0x0000000080000000,0x0000000082a90998,0x0000000084300000)
 Metaspace       used 64237K, committed 65600K, reserved 1114112K
  class space    used 7958K, committed 8512K, reserved 1048576K
}
Event: 58.322 GC heap before
{Heap before GC invocations=40 (full 3):
 PSYoungGen      total 21504K, used 21499K [0x00000000d5580000, 0x00000000d6c00000, 0x0000000100000000)
  eden space 20992K, 100% used [0x00000000d5580000,0x00000000d6a00000,0x00000000d6a00000)
  from space 512K, 99% used [0x00000000d6b80000,0x00000000d6bfeeb8,0x00000000d6c00000)
  to   space 1024K, 0% used [0x00000000d6a00000,0x00000000d6a00000,0x00000000d6b00000)
 ParOldGen       total 68608K, used 43586K [0x0000000080000000, 0x0000000084300000, 0x00000000d5580000)
  object space 68608K, 63% used [0x0000000080000000,0x0000000082a90998,0x0000000084300000)
 Metaspace       used 64999K, committed 66304K, reserved 1114112K
  class space    used 8076K, committed 8640K, reserved 1048576K
}
Event: 58.323 GC heap after
{Heap after GC invocations=40 (full 3):
 PSYoungGen      total 22016K, used 1006K [0x00000000d5580000, 0x00000000d6d00000, 0x0000000100000000)
  eden space 20992K, 0% used [0x00000000d5580000,0x00000000d5580000,0x00000000d6a00000)
  from space 1024K, 98% used [0x00000000d6a00000,0x00000000d6afb9c0,0x00000000d6b00000)
  to   space 1536K, 0% used [0x00000000d6b80000,0x00000000d6b80000,0x00000000d6d00000)
 ParOldGen       total 68608K, used 43773K [0x0000000080000000, 0x0000000084300000, 0x00000000d5580000)
  object space 68608K, 63% used [0x0000000080000000,0x0000000082abf518,0x0000000084300000)
 Metaspace       used 64999K, committed 66304K, reserved 1114112K
  class space    used 8076K, committed 8640K, reserved 1048576K
}

